\BOOKMARK [0][-]{chapter.1}{Introducci\363n}{}% 1
\BOOKMARK [0][-]{chapter.2}{Identificaci\363n de los participantes}{}% 2
\BOOKMARK [0][-]{chapter.3}{Diagnostico de la situaci\363n actual}{}% 3
\BOOKMARK [1][-]{section.3.1}{\301rbol de problemas}{chapter.3}% 4
\BOOKMARK [0][-]{chapter.4}{Justificaci\363n}{}% 5
\BOOKMARK [0][-]{chapter.5}{Delimitaci\363n}{}% 6
\BOOKMARK [0][-]{chapter.6}{Objetivos}{}% 7
\BOOKMARK [1][-]{section.6.1}{Objetivo especifico}{chapter.6}% 8
\BOOKMARK [1][-]{section.6.2}{Objetivos generales}{chapter.6}% 9
\BOOKMARK [1][-]{section.6.3}{\301rbol de objetivos}{chapter.6}% 10
\BOOKMARK [0][-]{chapter.7}{Metodolog\355a}{}% 11
\BOOKMARK [1][-]{section.7.1}{Descripci\363n de la zona de estudio}{chapter.7}% 12
\BOOKMARK [1][-]{section.7.2}{Situaci\363n organizativa}{chapter.7}% 13
\BOOKMARK [1][-]{section.7.3}{Recursos disponibles}{chapter.7}% 14
\BOOKMARK [1][-]{section.7.4}{Diagrama de Gantt}{chapter.7}% 15
\BOOKMARK [0][-]{chapter.8}{Descripci\363n de los servicios del proyecto}{}% 16
\BOOKMARK [0][-]{chapter.9}{Resultados obtenidos}{}% 17
\BOOKMARK [0][-]{chapter.10}{Ejecuci\363n y seguimiento}{}% 18
\BOOKMARK [0][-]{chapter.11}{Conclusiones}{}% 19
\BOOKMARK [0][-]{chapter.12}{Recomendaciones}{}% 20
\BOOKMARK [0][-]{chapter.13}{Memoria fotogr\341fica}{}% 21
\BOOKMARK [0][-]{section*.23}{Ap\351ndices}{}% 22
\BOOKMARK [0][-]{appendix.Alph1}{Descripci\363n del radioenlace}{}% 23
\BOOKMARK [1][-]{section.Alph1.1}{Ubicaci\363n geogr\341fica de las antenas}{appendix.Alph1}% 24
\BOOKMARK [1][-]{section.Alph1.2}{Distancia entre Cerro la Cruz-DESCO }{appendix.Alph1}% 25
\BOOKMARK [1][-]{section.Alph1.3}{Datos de la antena transmisora}{appendix.Alph1}% 26
\BOOKMARK [1][-]{section.Alph1.4}{Datos de la antena receptora}{appendix.Alph1}% 27
\BOOKMARK [1][-]{section.Alph1.5}{Simulaci\363n en Radio mobile}{appendix.Alph1}% 28
\BOOKMARK [0][-]{appendix.Alph2}{Sistemas de protecci\363n}{}% 29
\BOOKMARK [1][-]{section.Alph2.1}{Sistema de puesta a tierra}{appendix.Alph2}% 30
\BOOKMARK [1][-]{section.Alph2.2}{Protecci\363n contra descargas}{appendix.Alph2}% 31
\BOOKMARK [0][-]{appendix.Alph3}{Canalizaciones}{}% 32
\BOOKMARK [1][-]{section.Alph3.1}{Dise\361o de la torre de telecomunicaciones}{appendix.Alph3}% 33
\BOOKMARK [1][-]{section.Alph3.2}{Instalaci\363n de tuber\355a subterr\341neas}{appendix.Alph3}% 34
\BOOKMARK [1][-]{section.Alph3.3}{Presupuesto}{appendix.Alph3}% 35
\BOOKMARK [0][-]{appendix.Alph4}{Infraestructura de comunicaciones en Cerro la Cruz}{}% 36
\BOOKMARK [0][-]{appendix.Alph5}{Cableado estructurado}{}% 37
\BOOKMARK [0][-]{appendix.Alph6}{Dise\361o de la topolog\355a de red}{}% 38
\BOOKMARK [0][-]{appendix.Alph7}{Catalogo de equipos}{}% 39
\BOOKMARK [1][-]{section.Alph7.1}{Dispositivos Recomendados}{appendix.Alph7}% 40
